android/app/build/intermediates/manifest_merge_blame_file/debug/manifest-merger-blame-debug-report.txt
1<?xml version="1.0" encoding="utf-8"?>
2<manifest xmlns:android="http://schemas.android.com/apk/res/android"
3    package="com.myapp"
4    android:versionCode="1"
5    android:versionName="1.0" >
6
7    <uses-sdk
8        android:minSdkVersion="21"
9        android:targetSdkVersion="29" />
10
11    <uses-permission android:name="android.permission.SYSTEM_ALERT_WINDOW" />
11-->src/debug/AndroidManifest.xml:5:5-77
11-->src/debug/AndroidManifest.xml:5:22-75
12    <uses-permission android:name="android.permission.CAMERA" />
12-->src/main/AndroidManifest.xml:6:5-65
12-->src/main/AndroidManifest.xml:6:22-62
13    <uses-permission android:name="android.permission.WRITE_EXTERNAL_STORAGE" />
13-->src/main/AndroidManifest.xml:10:5-81
13-->src/main/AndroidManifest.xml:10:22-78
14    <uses-permission android:name="android.permission.INTERNET" /> <!-- Include this only if you are planning to use the camera roll -->
14-->src/main/AndroidManifest.xml:4:5-67
14-->src/main/AndroidManifest.xml:4:22-64
15    <uses-permission android:name="android.permission.READ_EXTERNAL_STORAGE" /> <!-- Include this only if you are planning to use the microphone for video recording -->
15-->src/main/AndroidManifest.xml:9:5-80
15-->src/main/AndroidManifest.xml:9:22-77
16    <uses-permission android:name="android.permission.RECORD_AUDIO" />
16-->src/main/AndroidManifest.xml:13:5-70
16-->src/main/AndroidManifest.xml:13:22-68
17    <uses-permission android:name="android.permission.ACCESS_WIFI_STATE" />
17-->[com.facebook.flipper:flipper:0.75.1] AndroidManifest.xml:16:5-76
17-->[com.facebook.flipper:flipper:0.75.1] AndroidManifest.xml:16:22-73
18
19    <uses-feature
19-->[:react-native-camera] AndroidManifest.xml:11:5-13:36
20        android:name="android.hardware.camera"
20-->[:react-native-camera] AndroidManifest.xml:12:9-47
21        android:required="false" />
21-->[:react-native-camera] AndroidManifest.xml:13:9-33
22    <uses-feature
22-->[:react-native-camera] AndroidManifest.xml:14:5-16:36
23        android:name="android.hardware.camera.autofocus"
23-->[:react-native-camera] AndroidManifest.xml:15:9-57
24        android:required="false" /> <!-- Although the *SdkVersion is captured in gradle build files, this is required for non gradle builds -->
24-->[:react-native-camera] AndroidManifest.xml:16:9-33
25    <!-- <uses-sdk android:minSdkVersion="14"/> -->
26    <uses-permission android:name="android.permission.ACCESS_NETWORK_STATE" />
26-->[com.google.android.datatransport:transport-backend-cct:2.3.3] AndroidManifest.xml:25:5-79
26-->[com.google.android.datatransport:transport-backend-cct:2.3.3] AndroidManifest.xml:25:22-76
27
28    <application
28-->src/main/AndroidManifest.xml:15:5-36:19
29        android:name="com.myapp.MainApplication"
29-->src/main/AndroidManifest.xml:16:7-38
30        android:allowBackup="false"
30-->src/main/AndroidManifest.xml:21:7-34
31        android:appComponentFactory="androidx.core.app.CoreComponentFactory"
31-->[androidx.core:core:1.3.1] AndroidManifest.xml:24:18-86
32        android:debuggable="true"
33        android:icon="@mipmap/ic_launcher"
33-->src/main/AndroidManifest.xml:18:7-41
34        android:label="@string/app_name"
34-->src/main/AndroidManifest.xml:17:7-39
35        android:requestLegacyExternalStorage="true"
35-->src/main/AndroidManifest.xml:20:7-50
36        android:roundIcon="@mipmap/ic_launcher_round"
36-->src/main/AndroidManifest.xml:19:7-52
37        android:theme="@style/AppTheme"
37-->src/main/AndroidManifest.xml:22:7-38
38        android:usesCleartextTraffic="true" >
38-->src/debug/AndroidManifest.xml:10:9-44
39        <activity android:name="com.facebook.react.devsupport.DevSettingsActivity" />
39-->src/debug/AndroidManifest.xml:13:9-86
39-->src/debug/AndroidManifest.xml:13:19-83
40        <activity
40-->src/main/AndroidManifest.xml:23:7-35:18
41            android:name="com.myapp.MainActivity"
41-->src/main/AndroidManifest.xml:24:9-37
42            android:configChanges="keyboard|keyboardHidden|orientation|screenSize|uiMode"
42-->src/main/AndroidManifest.xml:26:9-86
43            android:label="@string/app_name"
43-->src/main/AndroidManifest.xml:25:9-41
44            android:launchMode="singleTask"
44-->src/main/AndroidManifest.xml:27:9-40
45            android:requestLegacyExternalStorage="true"
45-->src/main/AndroidManifest.xml:29:9-52
46            android:windowSoftInputMode="adjustResize" >
46-->src/main/AndroidManifest.xml:28:9-51
47            <intent-filter>
47-->src/main/AndroidManifest.xml:31:9-34:25
48                <action android:name="android.intent.action.MAIN" />
48-->src/main/AndroidManifest.xml:32:13-65
48-->src/main/AndroidManifest.xml:32:21-62
49
50                <category android:name="android.intent.category.LAUNCHER" />
50-->src/main/AndroidManifest.xml:33:13-73
50-->src/main/AndroidManifest.xml:33:23-70
51            </intent-filter>
52        </activity>
53
54        <provider
54-->[:react-native-image-picker] AndroidManifest.xml:12:9-20:20
55            android:name="com.imagepicker.ImagePickerProvider"
55-->[:react-native-image-picker] AndroidManifest.xml:13:13-63
56            android:authorities="com.myapp.imagepickerprovider"
56-->[:react-native-image-picker] AndroidManifest.xml:14:13-71
57            android:exported="false"
57-->[:react-native-image-picker] AndroidManifest.xml:15:13-37
58            android:grantUriPermissions="true" >
58-->[:react-native-image-picker] AndroidManifest.xml:16:13-47
59            <meta-data
59-->[:react-native-image-picker] AndroidManifest.xml:17:13-19:70
60                android:name="android.support.FILE_PROVIDER_PATHS"
60-->[:react-native-image-picker] AndroidManifest.xml:18:17-67
61                android:resource="@xml/imagepicker_provider_paths" />
61-->[:react-native-image-picker] AndroidManifest.xml:19:17-67
62        </provider>
63
64        <service
64-->[com.google.android.gms:play-services-mlkit-barcode-scanning:16.2.0] AndroidManifest.xml:9:9-15:19
65            android:name="com.google.mlkit.common.internal.MlKitComponentDiscoveryService"
65-->[com.google.android.gms:play-services-mlkit-barcode-scanning:16.2.0] AndroidManifest.xml:10:13-91
66            android:directBootAware="true"
66-->[com.google.mlkit:common:17.2.0] AndroidManifest.xml:17:13-43
67            android:exported="false" >
67-->[com.google.android.gms:play-services-mlkit-barcode-scanning:16.2.0] AndroidManifest.xml:11:13-37
68            <meta-data
68-->[com.google.android.gms:play-services-mlkit-barcode-scanning:16.2.0] AndroidManifest.xml:12:13-14:85
69                android:name="com.google.firebase.components:com.google.mlkit.vision.barcode.internal.BarcodeRegistrar"
69-->[com.google.android.gms:play-services-mlkit-barcode-scanning:16.2.0] AndroidManifest.xml:13:17-120
70                android:value="com.google.firebase.components.ComponentRegistrar" />
70-->[com.google.android.gms:play-services-mlkit-barcode-scanning:16.2.0] AndroidManifest.xml:14:17-82
71            <meta-data
71-->[com.google.android.gms:play-services-mlkit-face-detection:16.2.0] AndroidManifest.xml:12:13-14:85
72                android:name="com.google.firebase.components:com.google.mlkit.vision.face.internal.FaceRegistrar"
72-->[com.google.android.gms:play-services-mlkit-face-detection:16.2.0] AndroidManifest.xml:13:17-114
73                android:value="com.google.firebase.components.ComponentRegistrar" />
73-->[com.google.android.gms:play-services-mlkit-face-detection:16.2.0] AndroidManifest.xml:14:17-82
74            <meta-data
74-->[com.google.android.gms:play-services-mlkit-text-recognition:16.3.0] AndroidManifest.xml:12:13-14:85
75                android:name="com.google.firebase.components:com.google.mlkit.vision.text.internal.TextRegistrar"
75-->[com.google.android.gms:play-services-mlkit-text-recognition:16.3.0] AndroidManifest.xml:13:17-114
76                android:value="com.google.firebase.components.ComponentRegistrar" />
76-->[com.google.android.gms:play-services-mlkit-text-recognition:16.3.0] AndroidManifest.xml:14:17-82
77            <meta-data
77-->[com.google.mlkit:vision-common:16.5.0] AndroidManifest.xml:12:13-14:85
78                android:name="com.google.firebase.components:com.google.mlkit.vision.common.internal.VisionCommonRegistrar"
78-->[com.google.mlkit:vision-common:16.5.0] AndroidManifest.xml:13:17-124
79                android:value="com.google.firebase.components.ComponentRegistrar" />
79-->[com.google.mlkit:vision-common:16.5.0] AndroidManifest.xml:14:17-82
80            <meta-data
80-->[com.google.mlkit:common:17.2.0] AndroidManifest.xml:20:13-22:85
81                android:name="com.google.firebase.components:com.google.mlkit.common.internal.CommonComponentRegistrar"
81-->[com.google.mlkit:common:17.2.0] AndroidManifest.xml:21:17-120
82                android:value="com.google.firebase.components.ComponentRegistrar" />
82-->[com.google.mlkit:common:17.2.0] AndroidManifest.xml:22:17-82
83        </service>
84
85        <provider
85-->[com.google.mlkit:common:17.2.0] AndroidManifest.xml:9:9-13:38
86            android:name="com.google.mlkit.common.internal.MlKitInitProvider"
86-->[com.google.mlkit:common:17.2.0] AndroidManifest.xml:10:13-78
87            android:authorities="com.myapp.mlkitinitprovider"
87-->[com.google.mlkit:common:17.2.0] AndroidManifest.xml:11:13-69
88            android:exported="false"
88-->[com.google.mlkit:common:17.2.0] AndroidManifest.xml:12:13-37
89            android:initOrder="99" />
89-->[com.google.mlkit:common:17.2.0] AndroidManifest.xml:13:13-35
90
91        <service
91-->[com.google.android.datatransport:transport-backend-cct:2.3.3] AndroidManifest.xml:29:9-35:19
92            android:name="com.google.android.datatransport.runtime.backends.TransportBackendDiscovery"
92-->[com.google.android.datatransport:transport-backend-cct:2.3.3] AndroidManifest.xml:30:13-103
93            android:exported="false" >
93-->[com.google.android.datatransport:transport-backend-cct:2.3.3] AndroidManifest.xml:31:13-37
94            <meta-data
94-->[com.google.android.datatransport:transport-backend-cct:2.3.3] AndroidManifest.xml:32:13-34:39
95                android:name="backend:com.google.android.datatransport.cct.CctBackendFactory"
95-->[com.google.android.datatransport:transport-backend-cct:2.3.3] AndroidManifest.xml:33:17-94
96                android:value="cct" />
96-->[com.google.android.datatransport:transport-backend-cct:2.3.3] AndroidManifest.xml:34:17-36
97        </service>
98        <service
98-->[com.google.android.datatransport:transport-runtime:2.2.6] AndroidManifest.xml:26:9-30:19
99            android:name="com.google.android.datatransport.runtime.scheduling.jobscheduling.JobInfoSchedulerService"
99-->[com.google.android.datatransport:transport-runtime:2.2.6] AndroidManifest.xml:27:13-117
100            android:exported="false"
100-->[com.google.android.datatransport:transport-runtime:2.2.6] AndroidManifest.xml:28:13-37
101            android:permission="android.permission.BIND_JOB_SERVICE" >
101-->[com.google.android.datatransport:transport-runtime:2.2.6] AndroidManifest.xml:29:13-69
102        </service>
103
104        <receiver
104-->[com.google.android.datatransport:transport-runtime:2.2.6] AndroidManifest.xml:32:9-34:40
105            android:name="com.google.android.datatransport.runtime.scheduling.jobscheduling.AlarmManagerSchedulerBroadcastReceiver"
105-->[com.google.android.datatransport:transport-runtime:2.2.6] AndroidManifest.xml:33:13-132
106            android:exported="false" />
106-->[com.google.android.datatransport:transport-runtime:2.2.6] AndroidManifest.xml:34:13-37
107
108        <activity
108-->[com.google.android.gms:play-services-base:17.6.0] AndroidManifest.xml:23:9-26:75
109            android:name="com.google.android.gms.common.api.GoogleApiActivity"
109-->[com.google.android.gms:play-services-base:17.6.0] AndroidManifest.xml:24:13-79
110            android:exported="false"
110-->[com.google.android.gms:play-services-base:17.6.0] AndroidManifest.xml:25:13-37
111            android:theme="@android:style/Theme.Translucent.NoTitleBar" />
111-->[com.google.android.gms:play-services-base:17.6.0] AndroidManifest.xml:26:13-72
112
113        <meta-data
113-->[com.google.android.gms:play-services-basement:17.6.0] AndroidManifest.xml:23:9-25:69
114            android:name="com.google.android.gms.version"
114-->[com.google.android.gms:play-services-basement:17.6.0] AndroidManifest.xml:24:13-58
115            android:value="@integer/google_play_services_version" />
115-->[com.google.android.gms:play-services-basement:17.6.0] AndroidManifest.xml:25:13-66
116    </application>
117
118</manifest>